============================= test session starts =============================
platform win32 -- Python 3.13.9, pytest-8.4.2, pluggy-1.5.0 -- C:\Anaconda\python.exe
cachedir: .pytest_cache
rootdir: C:\Users\Aadit Mathur\Desktop\hackathon
plugins: anyio-4.10.0
collecting ... collected 0 items / 1 error

=================================== ERRORS ====================================
________________________ ERROR collecting test_all.py _________________________
ImportError while importing test module 'C:\Users\Aadit Mathur\Desktop\hackathon\test_all.py'.
Hint: make sure your test modules/packages have valid Python names.
Traceback:
C:\Anaconda\Lib\importlib\__init__.py:88: in import_module
    return _bootstrap._gcd_import(name[level:], package, level)
           ^^^^^^^^^^^^^^^^^^^^^^^^^^^^^^^^^^^^^^^^^^^^^^^^^^^^
test_all.py:19: in <module>
    from app.world.events import RumorPropagator
app\world\events.py:22: in <module>
    from app.database import get_redis
app\database.py:10: in <module>
    import redis.asyncio as aioredis
E   ModuleNotFoundError: No module named 'redis'
============================== warnings summary ===============================
..\..\..\..\Anaconda\Lib\site-packages\pydantic\main.py:250
..\..\..\..\Anaconda\Lib\site-packages\pydantic\main.py:250
..\..\..\..\Anaconda\Lib\site-packages\pydantic\main.py:250
..\..\..\..\Anaconda\Lib\site-packages\pydantic\main.py:250
..\..\..\..\Anaconda\Lib\site-packages\pydantic\main.py:250
..\..\..\..\Anaconda\Lib\site-packages\pydantic\main.py:250
..\..\..\..\Anaconda\Lib\site-packages\pydantic\main.py:250
..\..\..\..\Anaconda\Lib\site-packages\pydantic\main.py:250
  C:\Anaconda\Lib\site-packages\pydantic\main.py:250: DeprecationWarning: datetime.datetime.utcnow() is deprecated and scheduled for removal in a future version. Use timezone-aware objects to represent datetimes in UTC: datetime.datetime.now(datetime.UTC).
    validated_self = self.__pydantic_validator__.validate_python(data, self_instance=self)

-- Docs: https://docs.pytest.org/en/stable/how-to/capture-warnings.html
=========================== short test summary info ===========================
ERROR test_all.py
!!!!!!!!!!!!!!!!!!! Interrupted: 1 error during collection !!!!!!!!!!!!!!!!!!!!
======================== 8 warnings, 1 error in 0.27s =========================
